<?xml version="1.0" encoding="UTF-8"?>
<testng-results skipped="0" failed="0" ignored="0" total="1" passed="1">
  <reporter-output>
  </reporter-output>
  <suite name="Default Suite" duration-ms="10658" started-at="2020-02-06T10:46:39 EET" finished-at="2020-02-06T10:46:49 EET">
    <groups>
    </groups>
    <test name="deepdivelogin" duration-ms="10658" started-at="2020-02-06T10:46:39 EET" finished-at="2020-02-06T10:46:49 EET">
      <class name="working.with.elements.WorkingWithTextBoxAndButtons">
        <test-method status="PASS" signature="openURL()[pri:0, instance:working.with.elements.WorkingWithTextBoxAndButtons@2669b199]" name="openURL" is-config="true" duration-ms="9175" started-at="2020-02-06T10:46:39 EET" finished-at="2020-02-06T10:46:48 EET">
          <reporter-output>
          </reporter-output>
        </test-method> <!-- openURL -->
        <test-method status="PASS" signature="loginScreen()[pri:0, instance:working.with.elements.WorkingWithTextBoxAndButtons@2669b199]" name="loginScreen" duration-ms="1407" started-at="2020-02-06T10:46:48 EET" finished-at="2020-02-06T10:46:49 EET">
          <reporter-output>
          </reporter-output>
        </test-method> <!-- loginScreen -->
      </class> <!-- working.with.elements.WorkingWithTextBoxAndButtons -->
    </test> <!-- deepdivelogin -->
  </suite> <!-- Default Suite -->
</testng-results>
